  main.c
D:\software\Visual Studio\Projects\Selective_Repeat_ARQ\Selective_Repeat_ARQ\main.c(156,34): warning C4244: “初始化”: 从“double”转换到“float”，可能丢失数据
D:\software\Visual Studio\Projects\Selective_Repeat_ARQ\Selective_Repeat_ARQ\main.c(163,32): warning C4244: “=”: 从“double”转换到“float”，可能丢失数据
D:\software\Visual Studio\Projects\Selective_Repeat_ARQ\Selective_Repeat_ARQ\main.c(184,34): warning C4244: “初始化”: 从“double”转换到“float”，可能丢失数据
D:\software\Visual Studio\Projects\Selective_Repeat_ARQ\Selective_Repeat_ARQ\main.c(191,32): warning C4244: “=”: 从“double”转换到“float”，可能丢失数据
D:\software\Visual Studio\Projects\Selective_Repeat_ARQ\Selective_Repeat_ARQ\main.c(241,38): warning C4244: “初始化”: 从“double”转换到“float”，可能丢失数据
D:\software\Visual Studio\Projects\Selective_Repeat_ARQ\Selective_Repeat_ARQ\main.c(338,51): warning C4244: “函数”: 从“float”转换到“int”，可能丢失数据
D:\software\Visual Studio\Projects\Selective_Repeat_ARQ\Selective_Repeat_ARQ\main.c(339,27): warning C4244: “函数”: 从“float”转换到“int”，可能丢失数据
D:\software\Visual Studio\Projects\Selective_Repeat_ARQ\Selective_Repeat_ARQ\main.c(345,49): warning C4244: “函数”: 从“float”转换到“int”，可能丢失数据
D:\software\Visual Studio\Projects\Selective_Repeat_ARQ\Selective_Repeat_ARQ\main.c(346,26): warning C4244: “函数”: 从“float”转换到“int”，可能丢失数据
D:\software\Visual Studio\Projects\Selective_Repeat_ARQ\Selective_Repeat_ARQ\main.c(351,53): warning C4244: “函数”: 从“float”转换到“int”，可能丢失数据
D:\software\Visual Studio\Projects\Selective_Repeat_ARQ\Selective_Repeat_ARQ\main.c(352,28): warning C4244: “函数”: 从“float”转换到“int”，可能丢失数据
D:\software\Visual Studio\Projects\Selective_Repeat_ARQ\Selective_Repeat_ARQ\main.c(360,38): warning C4244: “函数”: 从“float”转换到“int”，可能丢失数据
D:\software\Visual Studio\Projects\Selective_Repeat_ARQ\Selective_Repeat_ARQ\main.c(361,38): warning C4244: “函数”: 从“float”转换到“int”，可能丢失数据
D:\software\Visual Studio\Projects\Selective_Repeat_ARQ\Selective_Repeat_ARQ\main.c(367,65): warning C4244: “函数”: 从“float”转换到“int”，可能丢失数据
D:\software\Visual Studio\Projects\Selective_Repeat_ARQ\Selective_Repeat_ARQ\main.c(368,42): warning C4244: “函数”: 从“float”转换到“int”，可能丢失数据
D:\software\Visual Studio\Projects\Selective_Repeat_ARQ\Selective_Repeat_ARQ\main.c(376,35): warning C4244: “函数”: 从“float”转换到“int”，可能丢失数据
D:\software\Visual Studio\Projects\Selective_Repeat_ARQ\Selective_Repeat_ARQ\main.c(377,38): warning C4244: “函数”: 从“float”转换到“int”，可能丢失数据
D:\software\Visual Studio\Projects\Selective_Repeat_ARQ\Selective_Repeat_ARQ\main.c(388,36): warning C4244: “函数”: 从“float”转换到“int”，可能丢失数据
D:\software\Visual Studio\Projects\Selective_Repeat_ARQ\Selective_Repeat_ARQ\main.c(389,36): warning C4244: “函数”: 从“float”转换到“int”，可能丢失数据
D:\software\Visual Studio\Projects\Selective_Repeat_ARQ\Selective_Repeat_ARQ\main.c(399,65): warning C4244: “函数”: 从“float”转换到“int”，可能丢失数据
D:\software\Visual Studio\Projects\Selective_Repeat_ARQ\Selective_Repeat_ARQ\main.c(400,36): warning C4244: “函数”: 从“float”转换到“int”，可能丢失数据
D:\software\Visual Studio\Projects\Selective_Repeat_ARQ\Selective_Repeat_ARQ\main.c(407,67): warning C4244: “函数”: 从“float”转换到“int”，可能丢失数据
D:\software\Visual Studio\Projects\Selective_Repeat_ARQ\Selective_Repeat_ARQ\main.c(408,35): warning C4244: “函数”: 从“float”转换到“int”，可能丢失数据
D:\software\Visual Studio\Projects\Selective_Repeat_ARQ\Selective_Repeat_ARQ\main.c(416,47): warning C4244: “函数”: 从“float”转换到“int”，可能丢失数据
D:\software\Visual Studio\Projects\Selective_Repeat_ARQ\Selective_Repeat_ARQ\main.c(417,25): warning C4244: “函数”: 从“float”转换到“int”，可能丢失数据
D:\software\Visual Studio\Projects\Selective_Repeat_ARQ\Selective_Repeat_ARQ\main.c(421,25): warning C4244: “函数”: 从“float”转换到“int”，可能丢失数据
D:\software\Visual Studio\Projects\Selective_Repeat_ARQ\Selective_Repeat_ARQ\main.c(421,43): warning C4244: “函数”: 从“float”转换到“int”，可能丢失数据
D:\software\Visual Studio\Projects\Selective_Repeat_ARQ\Selective_Repeat_ARQ\main.c(425,25): warning C4244: “函数”: 从“float”转换到“int”，可能丢失数据
D:\software\Visual Studio\Projects\Selective_Repeat_ARQ\Selective_Repeat_ARQ\main.c(425,43): warning C4244: “函数”: 从“float”转换到“int”，可能丢失数据
D:\software\Visual Studio\Projects\Selective_Repeat_ARQ\Selective_Repeat_ARQ\main.c(429,25): warning C4244: “函数”: 从“float”转换到“int”，可能丢失数据
D:\software\Visual Studio\Projects\Selective_Repeat_ARQ\Selective_Repeat_ARQ\main.c(429,43): warning C4244: “函数”: 从“float”转换到“int”，可能丢失数据
D:\software\Visual Studio\Projects\Selective_Repeat_ARQ\Selective_Repeat_ARQ\main.c(57,35): warning C4244: “初始化”: 从“int”转换到“float”，可能丢失数据
D:\software\Visual Studio\Projects\Selective_Repeat_ARQ\Selective_Repeat_ARQ\main.c(64,35): warning C4244: “初始化”: 从“int”转换到“float”，可能丢失数据
D:\software\Visual Studio\Projects\Selective_Repeat_ARQ\Selective_Repeat_ARQ\main.c(207,72): warning C4244: “初始化”: 从“double”转换到“float”，可能丢失数据
D:\software\Visual Studio\Projects\Selective_Repeat_ARQ\Selective_Repeat_ARQ\main.c(258,70): warning C4244: “初始化”: 从“double”转换到“float”，可能丢失数据
LINK : warning LNK4098: 默认库“MSVCRT”与其他库的使用冲突；请使用 /NODEFAULTLIB:library
  Selective_Repeat_ARQ.vcxproj -> D:\software\Visual Studio\Projects\Selective_Repeat_ARQ\x64\Debug\Selective_Repeat_ARQ.exe
